<?xml version="1.0" encoding="UTF-8"?>
<testng-results skipped="0" failed="0" total="1" passed="1">
  <reporter-output>
  </reporter-output>
  <suite name="Default suite" duration-ms="13262" started-at="2017-12-25T14:00:53Z" finished-at="2017-12-25T14:01:06Z">
    <groups>
    </groups>
    <test name="Default test" duration-ms="13262" started-at="2017-12-25T14:00:53Z" finished-at="2017-12-25T14:01:06Z">
      <class name="excercise.Captureerrormsg">
        <test-method status="PASS" signature="testapp()[pri:0, instance:excercise.Captureerrormsg@1d057a39]" name="testapp" duration-ms="13244" started-at="2017-12-25T19:30:53Z" finished-at="2017-12-25T19:31:06Z">
          <reporter-output>
          </reporter-output>
        </test-method> <!-- testapp -->
      </class> <!-- excercise.Captureerrormsg -->
    </test> <!-- Default test -->
  </suite> <!-- Default suite -->
</testng-results>
